\BOOKMARK [1][-]{section.1}{Project Description}{}% 1
\BOOKMARK [2][-]{subsection.1.1}{Introduction}{section.1}% 2
\BOOKMARK [2][-]{subsection.1.2}{Project Problem}{section.1}% 3
\BOOKMARK [2][-]{subsection.1.3}{Project Goals}{section.1}% 4
\BOOKMARK [2][-]{subsection.1.4}{Final Project Scope}{section.1}% 5
\BOOKMARK [1][-]{section.2}{Project Dynamics}{}% 6
\BOOKMARK [2][-]{subsection.2.1}{Team Member Strengths}{section.2}% 7
\BOOKMARK [2][-]{subsection.2.2}{Job Roles}{section.2}% 8
\BOOKMARK [2][-]{subsection.2.3}{Software Model}{section.2}% 9
\BOOKMARK [2][-]{subsection.2.4}{Project Tools}{section.2}% 10
\BOOKMARK [3][-]{subsubsection.2.4.1}{Communication Aids}{subsection.2.4}% 11
\BOOKMARK [3][-]{subsubsection.2.4.2}{Project Management}{subsection.2.4}% 12
\BOOKMARK [3][-]{subsubsection.2.4.3}{Documentation}{subsection.2.4}% 13
\BOOKMARK [3][-]{subsubsection.2.4.4}{Implementation}{subsection.2.4}% 14
\BOOKMARK [3][-]{subsubsection.2.4.5}{Version Management}{subsection.2.4}% 15
\BOOKMARK [2][-]{subsection.2.5}{Meetings}{section.2}% 16
\BOOKMARK [3][-]{subsubsection.2.5.1}{Client/Supervisor Meeting}{subsection.2.5}% 17
\BOOKMARK [3][-]{subsubsection.2.5.2}{Team Meetings}{subsection.2.5}% 18
\BOOKMARK [2][-]{subsection.2.6}{Work Techniques}{section.2}% 19
\BOOKMARK [3][-]{subsubsection.2.6.1}{Logbooks}{subsection.2.6}% 20
\BOOKMARK [3][-]{subsubsection.2.6.2}{Peer Review}{subsection.2.6}% 21
\BOOKMARK [3][-]{subsubsection.2.6.3}{Pair Programming}{subsection.2.6}% 22
\BOOKMARK [2][-]{subsection.2.7}{Project Management}{section.2}% 23
\BOOKMARK [3][-]{subsubsection.2.7.1}{Project and Task Management}{subsection.2.7}% 24
\BOOKMARK [3][-]{subsubsection.2.7.2}{Organisation}{subsection.2.7}% 25
\BOOKMARK [2][-]{subsection.2.8}{Programming Styles}{section.2}% 26
\BOOKMARK [3][-]{subsubsection.2.8.1}{Modularity}{subsection.2.8}% 27
\BOOKMARK [3][-]{subsubsection.2.8.2}{Simplicity}{subsection.2.8}% 28
\BOOKMARK [3][-]{subsubsection.2.8.3}{Scalability}{subsection.2.8}% 29
\BOOKMARK [3][-]{subsubsection.2.8.4}{Extensibility}{subsection.2.8}% 30
\BOOKMARK [3][-]{subsubsection.2.8.5}{Documented}{subsection.2.8}% 31
\BOOKMARK [2][-]{subsection.2.9}{Testing Styles}{section.2}% 32
\BOOKMARK [3][-]{subsubsection.2.9.1}{Unit Testing}{subsection.2.9}% 33
\BOOKMARK [3][-]{subsubsection.2.9.2}{Integration Testing}{subsection.2.9}% 34
\BOOKMARK [3][-]{subsubsection.2.9.3}{System Testing}{subsection.2.9}% 35
\BOOKMARK [2][-]{subsection.2.10}{Evaluation Techniques}{section.2}% 36
\BOOKMARK [3][-]{subsubsection.2.10.1}{Manual Inspection}{subsection.2.10}% 37
\BOOKMARK [3][-]{subsubsection.2.10.2}{Module Testing}{subsection.2.10}% 38
\BOOKMARK [3][-]{subsubsection.2.10.3}{Manual and Module Comparison}{subsection.2.10}% 39
\BOOKMARK [3][-]{subsubsection.2.10.4}{Manual Face Comparison \046 Inspection}{subsection.2.10}% 40
\BOOKMARK [3][-]{subsubsection.2.10.5}{Summary Trailer Evaluation}{subsection.2.10}% 41
\BOOKMARK [1][-]{section.3}{Project Analysis}{}% 42
\BOOKMARK [2][-]{subsection.3.1}{Stakeholder Analysis}{section.3}% 43
\BOOKMARK [2][-]{subsection.3.2}{Requirements Analysis}{section.3}% 44
\BOOKMARK [3][-]{subsubsection.3.2.1}{Assumptions}{subsection.3.2}% 45
\BOOKMARK [3][-]{subsubsection.3.2.2}{Functional Requirements}{subsection.3.2}% 46
\BOOKMARK [3][-]{subsubsection.3.2.3}{Non-Functional Requirements}{subsection.3.2}% 47
\BOOKMARK [2][-]{subsection.3.3}{Risk Analysis}{section.3}% 48
\BOOKMARK [1][-]{section.4}{Background Research}{}% 49
\BOOKMARK [2][-]{subsection.4.1}{Introduction}{section.4}% 50
\BOOKMARK [2][-]{subsection.4.2}{Algorithms}{section.4}% 51
\BOOKMARK [3][-]{subsubsection.4.2.1}{Video Summarisation Algorithms}{subsection.4.2}% 52
\BOOKMARK [3][-]{subsubsection.4.2.2}{Facial Recognition Algorithms}{subsection.4.2}% 53
\BOOKMARK [3][-]{subsubsection.4.2.3}{Audio Analysis Algorithms}{subsection.4.2}% 54
\BOOKMARK [2][-]{subsection.4.3}{Techniques for producing Audiovisual Summaries}{section.4}% 55
\BOOKMARK [2][-]{subsection.4.4}{Existing Video Summarisation Solutions}{section.4}% 56
\BOOKMARK [2][-]{subsection.4.5}{Conclusion}{section.4}% 57
\BOOKMARK [1][-]{section.5}{Design}{}% 58
\BOOKMARK [2][-]{subsection.5.1}{Design Overview}{section.5}% 59
\BOOKMARK [3][-]{subsubsection.5.1.1}{Text based Analysis}{subsection.5.1}% 60
\BOOKMARK [3][-]{subsubsection.5.1.2}{Audio Analysis}{subsection.5.1}% 61
\BOOKMARK [3][-]{subsubsection.5.1.3}{Facial Detection Analysis}{subsection.5.1}% 62
\BOOKMARK [3][-]{subsubsection.5.1.4}{Video Shot Segmentation}{subsection.5.1}% 63
\BOOKMARK [3][-]{subsubsection.5.1.5}{Video Analysis}{subsection.5.1}% 64
\BOOKMARK [3][-]{subsubsection.5.1.6}{Textual Summary}{subsection.5.1}% 65
\BOOKMARK [3][-]{subsubsection.5.1.7}{Video Summary}{subsection.5.1}% 66
\BOOKMARK [2][-]{subsection.5.2}{Design Patterns}{section.5}% 67
\BOOKMARK [3][-]{subsubsection.5.2.1}{Evaluation of Patterns}{subsection.5.2}% 68
\BOOKMARK [3][-]{subsubsection.5.2.2}{Proposed Solution}{subsection.5.2}% 69
\BOOKMARK [3][-]{subsubsection.5.2.3}{Architecture Structure Diagram}{subsection.5.2}% 70
\BOOKMARK [2][-]{subsection.5.3}{User Interface Design}{section.5}% 71
\BOOKMARK [2][-]{subsection.5.4}{Prototype}{section.5}% 72
\BOOKMARK [1][-]{section.6}{Implementation}{}% 73
\BOOKMARK [2][-]{subsection.6.1}{Libraries Used}{section.6}% 74
\BOOKMARK [2][-]{subsection.6.2}{Online Television Database Integration}{section.6}% 75
\BOOKMARK [3][-]{subsubsection.6.2.1}{TVDBSearcher}{subsection.6.2}% 76
\BOOKMARK [3][-]{subsubsection.6.2.2}{SeriesSearch}{subsection.6.2}% 77
\BOOKMARK [3][-]{subsubsection.6.2.3}{User Walkthrough}{subsection.6.2}% 78
\BOOKMARK [2][-]{subsection.6.3}{Subtitles}{section.6}% 79
\BOOKMARK [3][-]{subsubsection.6.3.1}{Subtitle}{subsection.6.3}% 80
\BOOKMARK [3][-]{subsubsection.6.3.2}{SubtitleParser}{subsection.6.3}% 81
\BOOKMARK [3][-]{subsubsection.6.3.3}{RunSubtitleParser}{subsection.6.3}% 82
\BOOKMARK [3][-]{subsubsection.6.3.4}{NameScore}{subsection.6.3}% 83
\BOOKMARK [3][-]{subsubsection.6.3.5}{NameScoreComparator}{subsection.6.3}% 84
\BOOKMARK [3][-]{subsubsection.6.3.6}{NameFinder}{subsection.6.3}% 85
\BOOKMARK [3][-]{subsubsection.6.3.7}{PersonNameFinder}{subsection.6.3}% 86
\BOOKMARK [3][-]{subsubsection.6.3.8}{LocationNameFinder}{subsection.6.3}% 87
\BOOKMARK [3][-]{subsubsection.6.3.9}{RunNameFinder}{subsection.6.3}% 88
\BOOKMARK [3][-]{subsubsection.6.3.10}{User Walkthrough}{subsection.6.3}% 89
\BOOKMARK [2][-]{subsection.6.4}{Audio Processing}{section.6}% 90
\BOOKMARK [3][-]{subsubsection.6.4.1}{FrequencyObject}{subsection.6.4}% 91
\BOOKMARK [3][-]{subsubsection.6.4.2}{FrequencyObjectComparator}{subsection.6.4}% 92
\BOOKMARK [3][-]{subsubsection.6.4.3}{VolumeDetector}{subsection.6.4}% 93
\BOOKMARK [3][-]{subsubsection.6.4.4}{FrequencyDetector}{subsection.6.4}% 94
\BOOKMARK [3][-]{subsubsection.6.4.5}{Music Identifier}{subsection.6.4}% 95
\BOOKMARK [2][-]{subsection.6.5}{Facial Recognition}{section.6}% 96
\BOOKMARK [3][-]{subsubsection.6.5.1}{Face Detection Techniques}{subsection.6.5}% 97
\BOOKMARK [3][-]{subsubsection.6.5.2}{Class Diagram}{subsection.6.5}% 98
\BOOKMARK [3][-]{subsubsection.6.5.3}{Process Diagram}{subsection.6.5}% 99
\BOOKMARK [3][-]{subsubsection.6.5.4}{Video Character}{subsection.6.5}% 100
\BOOKMARK [3][-]{subsubsection.6.5.5}{CharacterFinder}{subsection.6.5}% 101
\BOOKMARK [3][-]{subsubsection.6.5.6}{CharacterDetectedObserver}{subsection.6.5}% 102
\BOOKMARK [3][-]{subsubsection.6.5.7}{User Walkthrough}{subsection.6.5}% 103
\BOOKMARK [2][-]{subsection.6.6}{Video Segmentation}{section.6}% 104
\BOOKMARK [3][-]{subsubsection.6.6.1}{Introduction}{subsection.6.6}% 105
\BOOKMARK [3][-]{subsubsection.6.6.2}{Software Implementation}{subsection.6.6}% 106
\BOOKMARK [3][-]{subsubsection.6.6.3}{User Walkthrough}{subsection.6.6}% 107
\BOOKMARK [2][-]{subsection.6.7}{Summarisation}{section.6}% 108
\BOOKMARK [3][-]{subsubsection.6.7.1}{Summary}{subsection.6.7}% 109
\BOOKMARK [3][-]{subsubsection.6.7.2}{GenerateSummary}{subsection.6.7}% 110
\BOOKMARK [3][-]{subsubsection.6.7.3}{ExportSummary}{subsection.6.7}% 111
\BOOKMARK [3][-]{subsubsection.6.7.4}{User Walkthrough}{subsection.6.7}% 112
\BOOKMARK [2][-]{subsection.6.8}{User Interface}{section.6}% 113
\BOOKMARK [1][-]{section.7}{Code \046 UI Testing}{}% 114
\BOOKMARK [2][-]{subsection.7.1}{Unit Testing}{section.7}% 115
\BOOKMARK [2][-]{subsection.7.2}{System Testing}{section.7}% 116
\BOOKMARK [2][-]{subsection.7.3}{User's goals}{section.7}% 117
\BOOKMARK [1][-]{section.8}{Evaluation}{}% 118
\BOOKMARK [2][-]{subsection.8.1}{Evaluation of the Final Product}{section.8}% 119
\BOOKMARK [3][-]{subsubsection.8.1.1}{Evaluation of Person and Location Name Detection in Subtitles}{subsection.8.1}% 120
\BOOKMARK [3][-]{subsubsection.8.1.2}{Face Recognition}{subsection.8.1}% 121
\BOOKMARK [3][-]{subsubsection.8.1.3}{Evaluating Video Shot Detection.}{subsection.8.1}% 122
\BOOKMARK [3][-]{subsubsection.8.1.4}{Video Summary Evaluation}{subsection.8.1}% 123
\BOOKMARK [3][-]{subsubsection.8.1.5}{Non-Functional Evaluation}{subsection.8.1}% 124
\BOOKMARK [2][-]{subsection.8.2}{Evaluation of the Team Dynamics}{section.8}% 125
\BOOKMARK [2][-]{subsection.8.3}{Evaluation of the Project Management}{section.8}% 126
\BOOKMARK [3][-]{subsubsection.8.3.1}{Time management}{subsection.8.3}% 127
\BOOKMARK [3][-]{subsubsection.8.3.2}{Resource management}{subsection.8.3}% 128
\BOOKMARK [1][-]{section.9}{Conclusions}{}% 129
\BOOKMARK [1][-]{section.10}{Future Work}{}% 130
\BOOKMARK [1][-]{section.10}{References}{}% 131
\BOOKMARK [1][-]{section.10}{Appendices}{}% 132
\BOOKMARK [1][-]{section.A}{Agreed Project Specification}{}% 133
\BOOKMARK [1][-]{section.B}{Early Gantt Charts}{}% 134
\BOOKMARK [2][-]{subsection.B.1}{Initial Gantt Chart}{section.B}% 135
\BOOKMARK [1][-]{section.C}{Use Case Diagrams}{}% 136
\BOOKMARK [1][-]{section.D}{TV Testing Data}{}% 137
\BOOKMARK [2][-]{subsection.D.1}{Top Gear Bolivia}{section.D}% 138
\BOOKMARK [2][-]{subsection.D.2}{Top Gear America}{section.D}% 139
\BOOKMARK [2][-]{subsection.D.3}{Dr. Who, Episode 12}{section.D}% 140
\BOOKMARK [2][-]{subsection.D.4}{Dr. Who, Episode 13}{section.D}% 141
\BOOKMARK [2][-]{subsection.D.5}{The Impressions Show with Culshaw and Stephenson, Episode 1}{section.D}% 142
\BOOKMARK [2][-]{subsection.D.6}{The Impressions Show, Episode 2}{section.D}% 143
\BOOKMARK [2][-]{subsection.D.7}{Yellowstone, Autumn}{section.D}% 144
\BOOKMARK [1][-]{section.E}{Testing Images}{}% 145
\BOOKMARK [2][-]{subsection.E.1}{Unit Tests}{section.E}% 146
\BOOKMARK [2][-]{subsection.E.2}{Integration Tests}{section.E}% 147
\BOOKMARK [2][-]{subsection.E.3}{System Tests}{section.E}% 148
\BOOKMARK [2][-]{subsection.E.4}{User's Goal Tests}{section.E}% 149
